<?xml version="1.0" encoding="UTF-8"?>
<!-- Generated by org.testng.reporters.JUnitXMLReporter -->
<testsuite ignored="0" hostname="LAPTOP-MNKCORU6" failures="0" tests="6" name="Default test" time="27.96" errors="0" timestamp="2024-03-10T18:09:00 IST">
  <testcase classname="javascriptexecutordemo.Generic_t5" name="demoTitle" time="2.946"/>
  <testcase classname="javascriptexecutordemo.Generic_t5" name="demoUrl" time="3.104"/>
  <testcase classname="javascriptexecutordemo.Generic_t5" name="demoPostValue" time="3.275"/>
  <testcase classname="javascriptexecutordemo.Generic_t5" name="demoCalendar" time="3.232"/>
  <testcase classname="javascriptexecutordemo.Generic_t5" name="demoPageRefresh" time="5.518"/>
  <testcase classname="javascriptexecutordemo.Generic_t5" name="demoInputIntoDisabledTextbox" time="3.504"/>
</testsuite> <!-- Default test -->
