<?xml version="1.0" encoding="UTF-8"?>
<testng-results ignored="0" total="1" passed="1" failed="0" skipped="0">
  <reporter-output>
  </reporter-output>
  <suite started-at="2024-03-11T10:40:16 IST" name="Default suite" finished-at="2024-03-11T10:40:24 IST" duration-ms="7091">
    <groups>
    </groups>
    <test started-at="2024-03-11T10:40:16 IST" name="Default test" finished-at="2024-03-11T10:40:24 IST" duration-ms="7091">
      <class name="seleniumcoding50dayschallenge.Day5_VerifyAcc">
        <test-method is-config="true" signature="setup()[pri:0, instance:seleniumcoding50dayschallenge.Day5_VerifyAcc@13fd2ccd]" started-at="2024-03-11T10:40:16 IST" name="setup" finished-at="2024-03-11T10:40:18 IST" duration-ms="1881" status="PASS">
          <reporter-output>
          </reporter-output>
        </test-method> <!-- setup -->
        <test-method signature="demo()[pri:0, instance:seleniumcoding50dayschallenge.Day5_VerifyAcc@13fd2ccd]" started-at="2024-03-11T10:40:18 IST" name="demo" finished-at="2024-03-11T10:40:23 IST" duration-ms="5026" status="PASS">
          <reporter-output>
          </reporter-output>
        </test-method> <!-- demo -->
        <test-method is-config="true" signature="teardown()[pri:0, instance:seleniumcoding50dayschallenge.Day5_VerifyAcc@13fd2ccd]" started-at="2024-03-11T10:40:23 IST" name="teardown" finished-at="2024-03-11T10:40:24 IST" duration-ms="161" status="PASS">
          <reporter-output>
          </reporter-output>
        </test-method> <!-- teardown -->
      </class> <!-- seleniumcoding50dayschallenge.Day5_VerifyAcc -->
    </test> <!-- Default test -->
  </suite> <!-- Default suite -->
</testng-results>
