<?xml version="1.0" encoding="UTF-8"?>
<testng-results ignored="0" total="1" passed="1" failed="0" skipped="0">
  <reporter-output>
  </reporter-output>
  <suite started-at="2024-03-12T13:59:09 IST" name="Default suite" finished-at="2024-03-12T13:59:16 IST" duration-ms="7052">
    <groups>
    </groups>
    <test started-at="2024-03-12T13:59:09 IST" name="Default test" finished-at="2024-03-12T13:59:16 IST" duration-ms="7052">
      <class name="seleniumcoding50dayschallenge.Day4_Pending_GrowingBtn">
        <test-method is-config="true" signature="setup()[pri:0, instance:seleniumcoding50dayschallenge.Day4_Pending_GrowingBtn@7db12bb6]" started-at="2024-03-12T13:59:09 IST" name="setup" finished-at="2024-03-12T13:59:11 IST" duration-ms="1809" status="PASS">
          <reporter-output>
          </reporter-output>
        </test-method> <!-- setup -->
        <test-method signature="demo()[pri:0, instance:seleniumcoding50dayschallenge.Day4_Pending_GrowingBtn@7db12bb6]" started-at="2024-03-12T13:59:11 IST" name="demo" finished-at="2024-03-12T13:59:16 IST" duration-ms="5124" status="PASS">
          <reporter-output>
          </reporter-output>
        </test-method> <!-- demo -->
        <test-method is-config="true" signature="teardown()[pri:0, instance:seleniumcoding50dayschallenge.Day4_Pending_GrowingBtn@7db12bb6]" started-at="2024-03-12T13:59:16 IST" name="teardown" finished-at="2024-03-12T13:59:16 IST" duration-ms="100" status="PASS">
          <reporter-output>
          </reporter-output>
        </test-method> <!-- teardown -->
      </class> <!-- seleniumcoding50dayschallenge.Day4_Pending_GrowingBtn -->
    </test> <!-- Default test -->
  </suite> <!-- Default suite -->
</testng-results>
